2016-02-25 11:43:30,470: Curr Python Version::2.7.10
2016-02-25 11:43:33,575: current selected game is BullfightGame(达人牛牛)
2016-02-25 11:43:35,092: now hava 1 channels to package...
2016-02-25 11:43:35,092: the base apk file is : G:/U8SDK_20151124101532/U8SDKTool-Win-P34/games/BullfightGame/u8.apk
2016-02-25 11:43:35,095: now to package oppo...
2016-02-25 11:43:44,255: "G:/U8SDK_20151124101532/U8SDKTool-Win-P34/tool/win/jre/bin/java" -jar -Xms512m -Xmx512m "G:/U8SDK_20151124101532/U8SDKTool-Win-P34/tool/win/apktool2.jar" -q d -b -f "G:/U8SDK_20151124101532/U8SDKTool-Win-P34/workspace/BullfightGame/oppo/temp.apk" -o "G:/U8SDK_20151124101532/U8SDKTool-Win-P34/workspace/BullfightGame/oppo/decompile" !!!exec success!!! 
2016-02-25 11:43:47,177: G:/U8SDK_20151124101532/U8SDKTool-Win-P34/tool/win/jre/bin/java -jar -Xms512m -Xmx512m "G:/U8SDK_20151124101532/U8SDKTool-Win-P34/tool/win/lib/dx.jar" --dex --output="G:/U8SDK_20151124101532/U8SDKTool-Win-P34/workspace/BullfightGame/oppo/sdk/oppo/classes.dex"  G:/U8SDK_20151124101532/U8SDKTool-Win-P34/config/sdk/oppo/u8sdk_oppo.jar G:/U8SDK_20151124101532/U8SDKTool-Win-P34/config/sdk/oppo/libs/gamesdk-20160121.jar !!!exec success!!! 
2016-02-25 11:43:48,381: "G:/U8SDK_20151124101532/U8SDKTool-Win-P34/tool/win/jre/bin/java" -jar "G:/U8SDK_20151124101532/U8SDKTool-Win-P34/tool/win/baksmali.jar" -o "G:/U8SDK_20151124101532/U8SDKTool-Win-P34/workspace/BullfightGame/oppo/decompile/smali" "G:/U8SDK_20151124101532/U8SDKTool-Win-P34/workspace/BullfightGame/oppo/sdk/oppo/classes.dex" !!!exec success!!! 
2016-02-25 11:43:48,384: the new package name is com.BullfightGame.nearme.gamecenter
2016-02-25 11:43:48,388: the channel oppo has no supported plugins.
2016-02-25 11:43:48,391: The sdk manifest file is G:/U8SDK_20151124101532/U8SDKTool-Win-P34/workspace/BullfightGame/oppo/sdk/oppo\SDKManifest.xml
2016-02-25 11:43:48,398: merge manifest file success.
2016-02-25 11:43:48,417: The node app_name is already exists in strings.xml
2016-02-25 11:43:48,424: the copyFrom G:/U8SDK_20151124101532/U8SDKTool-Win-P34/workspace/BullfightGame/oppo/sdk/oppo\root is not exists.
2016-02-25 11:43:48,428: the channel 186 special res path is not exists. G:/U8SDK_20151124101532/U8SDKTool-Win-P34/games/BullfightGame/channels/186
2016-02-25 11:43:48,433: the copyFrom G:/U8SDK_20151124101532/U8SDKTool-Win-P34/games/BullfightGame/res\libs is not exists.
2016-02-25 11:43:48,434: the copyFrom G:/U8SDK_20151124101532/U8SDKTool-Win-P34/games/BullfightGame/res\res is not exists.
2016-02-25 11:43:48,440: the game BullfightGame icon is not exists:G:/U8SDK_20151124101532/U8SDKTool-Win-P34/games/BullfightGame/icon/icon.png
2016-02-25 11:43:48,443: the develop info is OPPO_APPID=3nAgmCStgt2C0WO0Wccgk08C0
OPPO_SECRET=c477b35Bd18a42c59307452Ca27024a8
OPPO_PAYURL=http://121.40.231.233:8019/Pay/OPPOReceive.aspx
U8_SDK_VERSION_CODE=1
U8_Channel=186
U8_APPID=7499991
U8_APPKEY=zAyAU9yZGO1LW4YqumgPBcto
U8_AUTH_URL=http://192.168.18.9:8080/user/getToken

2016-02-25 11:43:48,453: The manifestFile meta-data write successfully
2016-02-25 11:43:48,459: now to execute post_script.py of game BullfightGame 
2016-02-25 11:43:48,480: now to modify game name ....
2016-02-25 11:43:48,483: now no game name modify
2016-02-25 11:43:48,490: generate R:the temp path is G:/U8SDK_20151124101532/U8SDKTool-Win-P34/workspace/BullfightGame/oppo/temp
2016-02-25 11:43:48,865: "G:/U8SDK_20151124101532/U8SDKTool-Win-P34/tool/win/aapt" p -f -m -J "G:/U8SDK_20151124101532/U8SDKTool-Win-P34/workspace/BullfightGame/oppo/temp/gen" -S "G:/U8SDK_20151124101532/U8SDKTool-Win-P34/workspace/BullfightGame/oppo/temp/res" -I "G:/U8SDK_20151124101532/U8SDKTool-Win-P34/tool/win/android.jar" -M "G:/U8SDK_20151124101532/U8SDKTool-Win-P34/workspace/BullfightGame/oppo/decompile/AndroidManifest.xml" !!!exec success!!! 
2016-02-25 11:43:50,542: "G:/U8SDK_20151124101532/U8SDKTool-Win-P34/tool/win/jre/bin/javac" -source 1.7 -target 1.7 -encoding UTF-8 "G:/U8SDK_20151124101532/U8SDKTool-Win-P34/workspace/BullfightGame/oppo/temp/gen/com/BullfightGame/nearme/gamecenter/R.java" !!!exec success!!! 
2016-02-25 11:43:51,697: G:/U8SDK_20151124101532/U8SDKTool-Win-P34/tool/win/jre/bin/java -jar -Xmx512m -Xms512m "G:/U8SDK_20151124101532/U8SDKTool-Win-P34/tool/win/lib/dx.jar" --dex --output="G:/U8SDK_20151124101532/U8SDKTool-Win-P34/workspace/BullfightGame/oppo/temp/classes.dex" "G:/U8SDK_20151124101532/U8SDKTool-Win-P34/workspace/BullfightGame/oppo/temp/gen" !!!exec success!!! 
2016-02-25 11:43:52,696: "G:/U8SDK_20151124101532/U8SDKTool-Win-P34/tool/win/jre/bin/java" -jar "G:/U8SDK_20151124101532/U8SDKTool-Win-P34/tool/win/baksmali.jar" -o "G:/U8SDK_20151124101532/U8SDKTool-Win-P34/workspace/BullfightGame/oppo/decompile/smali" "G:/U8SDK_20151124101532/U8SDKTool-Win-P34/workspace/BullfightGame/oppo/temp/classes.dex" !!!exec success!!! 
2016-02-25 11:44:16,127: "G:/U8SDK_20151124101532/U8SDKTool-Win-P34/tool/win/jre/bin/java" -jar -Xms512m -Xmx512m "G:/U8SDK_20151124101532/U8SDKTool-Win-P34/tool/win/apktool2.jar" -q b -f "G:/U8SDK_20151124101532/U8SDKTool-Win-P34/workspace/BullfightGame/oppo/decompile" -o "G:/U8SDK_20151124101532/U8SDKTool-Win-P34/workspace/BullfightGame/oppo/output.apk" !!!exec success!!! 
2016-02-25 11:44:16,842:  'gametest.txt'...

2016-02-25 11:44:16,842: Unable to add 'gametest.txt' to 'G:/U8SDK_20151124101532/U8SDKTool-Win-P34/workspace/BullfightGame/oppo/output.apk': already exists in archive

2016-02-25 11:44:16,844: "G:/U8SDK_20151124101532/U8SDKTool-Win-P34/tool/win/aapt" add "G:/U8SDK_20151124101532/U8SDKTool-Win-P34/workspace/BullfightGame/oppo/output.apk" gametest.txt subroot/gametest.txt !!!exec success!!! 
2016-02-25 11:44:16,845: the keystore file is games/gameCatchfish/keystore/xwkey
2016-02-25 11:44:31,259: "G:/U8SDK_20151124101532/U8SDKTool-Win-P34/tool/win/jre/bin/jarsigner" -digestalg SHA1 -sigalg SHA1withRSA -keystore "G:/U8SDK_20151124101532/U8SDKTool-Win-P34/games/gameCatchfish/keystore/xwkey" -storepass "Hzxiangwan#$999" -keypass "Hzxiangwan#$999" "G:/U8SDK_20151124101532/U8SDKTool-Win-P34/workspace/BullfightGame/oppo/output.apk" "xiangw"  !!!exec success!!! 
2016-02-25 11:44:31,805: "G:/U8SDK_20151124101532/U8SDKTool-Win-P34/tool/win/zipalign" -f 4 "G:/U8SDK_20151124101532/U8SDKTool-Win-P34/workspace/BullfightGame/oppo/output.apk" "G:/U8SDK_20151124101532/U8SDKTool-Win-P34/output/BullfightGame/oppo/oppo-2016022511.apk" !!!exec success!!! 
2016-02-25 11:44:31,805: channel oppo package success.
2016-02-25 11:44:31,805: << success num:1; failed num:0 >>
2016-02-25 11:44:31,805: << all nice done >>
